0 info it worked if it ends with ok
1 verbose cli [ '/usr/local/Cellar/node/7.2.0/bin/node',
1 verbose cli   '/usr/local/bin/npm',
1 verbose cli   'start' ]
2 info using npm@3.10.9
3 info using node@v7.2.0
4 verbose run-script [ 'prestart', 'start', 'poststart' ]
5 info lifecycle random_diet_club@1.0.0~prestart: random_diet_club@1.0.0
6 silly lifecycle random_diet_club@1.0.0~prestart: no script for prestart, continuing
7 info lifecycle random_diet_club@1.0.0~start: random_diet_club@1.0.0
8 verbose lifecycle random_diet_club@1.0.0~start: unsafe-perm in lifecycle true
9 verbose lifecycle random_diet_club@1.0.0~start: PATH: /usr/local/lib/node_modules/npm/bin/node-gyp-bin:/Users/max/projects/random_diet_club/node_modules/.bin:/usr/local/Cellar/node/7.2.0/bin:/Users/max/anaconda/bin:/Users/max/bin/google-cloud-sdk/bin:/Users/max/.go/bin:/usr/local/opt/go/libexec/bin:/usr/local/bin:/usr/bin:/bin:/usr/sbin:/sbin:/opt/X11/bin:/Users/max/Library/Android/sdk/tools:/Users/max/Library/Android/sdk/platform-tools
10 verbose lifecycle random_diet_club@1.0.0~start: CWD: /Users/max/projects/random_diet_club
11 silly lifecycle random_diet_club@1.0.0~start: Args: [ '-c', 'gulp dev' ]
12 silly lifecycle random_diet_club@1.0.0~start: Returned: code: 1  signal: null
13 info lifecycle random_diet_club@1.0.0~start: Failed to exec start script
14 verbose stack Error: random_diet_club@1.0.0 start: `gulp dev`
14 verbose stack Exit status 1
14 verbose stack     at EventEmitter.<anonymous> (/usr/local/lib/node_modules/npm/lib/utils/lifecycle.js:255:16)
14 verbose stack     at emitTwo (events.js:106:13)
14 verbose stack     at EventEmitter.emit (events.js:191:7)
14 verbose stack     at ChildProcess.<anonymous> (/usr/local/lib/node_modules/npm/lib/utils/spawn.js:40:14)
14 verbose stack     at emitTwo (events.js:106:13)
14 verbose stack     at ChildProcess.emit (events.js:191:7)
14 verbose stack     at maybeClose (internal/child_process.js:885:16)
14 verbose stack     at Process.ChildProcess._handle.onexit (internal/child_process.js:226:5)
15 verbose pkgid random_diet_club@1.0.0
16 verbose cwd /Users/max/projects/random_diet_club
17 error Darwin 16.3.0
18 error argv "/usr/local/Cellar/node/7.2.0/bin/node" "/usr/local/bin/npm" "start"
19 error node v7.2.0
20 error npm  v3.10.9
21 error code ELIFECYCLE
22 error random_diet_club@1.0.0 start: `gulp dev`
22 error Exit status 1
23 error Failed at the random_diet_club@1.0.0 start script 'gulp dev'.
23 error Make sure you have the latest version of node.js and npm installed.
23 error If you do, this is most likely a problem with the random_diet_club package,
23 error not with npm itself.
23 error Tell the author that this fails on your system:
23 error     gulp dev
23 error You can get information on how to open an issue for this project with:
23 error     npm bugs random_diet_club
23 error Or if that isn't available, you can get their info via:
23 error     npm owner ls random_diet_club
23 error There is likely additional logging output above.
24 verbose exit [ 1, true ]
